# JRE version: OpenJDK Runtime Environment Temurin-21.0.9+10 (21.0.9+10) (build 21.0.9+10-LTS)
# Java VM: OpenJDK 64-Bit Server VM Temurin-21.0.9+10 (21.0.9+10-LTS, mixed mode, sharing, tiered, compressed oops, compressed class ptrs, parallel gc, windows-amd64)
GC Precious Log:
 CardTable entry size: 512
 CPUs: 8 total, 8 available
 Memory: 7955M
 Large Page Support: Disabled
 NUMA Support: Disabled
 Compressed Oops: Enabled (32-bit)
 Alignments: Space 512K, Generation 512K, Heap 2M
 Heap Min Capacity: 100M
 Heap Initial Capacity: 100M
 Heap Max Capacity: 2G
 Pre-touch: Disabled
 Parallel Workers: 8
Heap:
 PSYoungGen      total 18432K, used 13252K [0x00000000d5580000, 0x00000000d6b80000, 0x0000000100000000)
  eden space 17408K, 72% used [0x00000000d5580000,0x00000000d61e5d58,0x00000000d6680000)
  from space 1024K, 54% used [0x00000000d6680000,0x00000000d670b328,0x00000000d6780000)
  to   space 2048K, 0% used [0x00000000d6980000,0x00000000d6980000,0x00000000d6b80000)
 ParOldGen       total 68608K, used 28588K [0x0000000080000000, 0x0000000084300000, 0x00000000d5580000)
  object space 68608K, 41% used [0x0000000080000000,0x0000000081beb208,0x0000000084300000)
 Metaspace       used 51409K, committed 52544K, reserved 1114112K
  class space    used 5647K, committed 6144K, reserved 1048576K
GC Heap History (20 events):
Event: 27.500 GC heap before
{Heap before GC invocations=18 (full 2):
 PSYoungGen      total 22528K, used 22016K [0x00000000d5580000, 0x00000000d6f80000, 0x0000000100000000)
  eden space 22016K, 100% used [0x00000000d5580000,0x00000000d6b00000,0x00000000d6b00000)
  from space 512K, 0% used [0x00000000d6e00000,0x00000000d6e00000,0x00000000d6e80000)
  to   space 1024K, 0% used [0x00000000d6e80000,0x00000000d6e80000,0x00000000d6f80000)
 ParOldGen       total 68608K, used 16952K [0x0000000080000000, 0x0000000084300000, 0x00000000d5580000)
  object space 68608K, 24% used [0x0000000080000000,0x000000008108e0e0,0x0000000084300000)
 Metaspace       used 37486K, committed 38528K, reserved 1114112K
  class space    used 3942K, committed 4352K, reserved 1048576K
}
Event: 27.503 GC heap after
{Heap after GC invocations=18 (full 2):
 PSYoungGen      total 23040K, used 1007K [0x00000000d5580000, 0x00000000d6f80000, 0x0000000100000000)
  eden space 22016K, 0% used [0x00000000d5580000,0x00000000d5580000,0x00000000d6b00000)
  from space 1024K, 98% used [0x00000000d6e80000,0x00000000d6f7bf20,0x00000000d6f80000)
  to   space 2048K, 0% used [0x00000000d6b80000,0x00000000d6b80000,0x00000000d6d80000)
 ParOldGen       total 68608K, used 17503K [0x0000000080000000, 0x0000000084300000, 0x00000000d5580000)
  object space 68608K, 25% used [0x0000000080000000,0x0000000081117e00,0x0000000084300000)
 Metaspace       used 37486K, committed 38528K, reserved 1114112K
  class space    used 3942K, committed 4352K, reserved 1048576K
}
Event: 27.707 GC heap before
{Heap before GC invocations=19 (full 2):
 PSYoungGen      total 23040K, used 23023K [0x00000000d5580000, 0x00000000d6f80000, 0x0000000100000000)
  eden space 22016K, 100% used [0x00000000d5580000,0x00000000d6b00000,0x00000000d6b00000)
  from space 1024K, 98% used [0x00000000d6e80000,0x00000000d6f7bf20,0x00000000d6f80000)
  to   space 2048K, 0% used [0x00000000d6b80000,0x00000000d6b80000,0x00000000d6d80000)
 ParOldGen       total 68608K, used 17506K [0x0000000080000000, 0x0000000084300000, 0x00000000d5580000)
  object space 68608K, 25% used [0x0000000080000000,0x0000000081118918,0x0000000084300000)
 Metaspace       used 40444K, committed 41536K, reserved 1114112K
  class space    used 4310K, committed 4800K, reserved 1048576K
}
Event: 27.709 GC heap after
{Heap after GC invocations=19 (full 2):
 PSYoungGen      total 24064K, used 1280K [0x00000000d5580000, 0x00000000d6f00000, 0x0000000100000000)
  eden space 22016K, 0% used [0x00000000d5580000,0x00000000d5580000,0x00000000d6b00000)
  from space 2048K, 62% used [0x00000000d6b80000,0x00000000d6cc0000,0x00000000d6d80000)
  to   space 1536K, 0% used [0x00000000d6d80000,0x00000000d6d80000,0x00000000d6f00000)
 ParOldGen       total 68608K, used 18484K [0x0000000080000000, 0x0000000084300000, 0x00000000d5580000)
  object space 68608K, 26% used [0x0000000080000000,0x000000008120d0d8,0x0000000084300000)
 Metaspace       used 40444K, committed 41536K, reserved 1114112K
  class space    used 4310K, committed 4800K, reserved 1048576K
}
Event: 27.911 GC heap before
{Heap before GC invocations=20 (full 2):
 PSYoungGen      total 24064K, used 23296K [0x00000000d5580000, 0x00000000d6f00000, 0x0000000100000000)
  eden space 22016K, 100% used [0x00000000d5580000,0x00000000d6b00000,0x00000000d6b00000)
  from space 2048K, 62% used [0x00000000d6b80000,0x00000000d6cc0000,0x00000000d6d80000)
  to   space 1536K, 0% used [0x00000000d6d80000,0x00000000d6d80000,0x00000000d6f00000)
 ParOldGen       total 68608K, used 18484K [0x0000000080000000, 0x0000000084300000, 0x00000000d5580000)
  object space 68608K, 26% used [0x0000000080000000,0x000000008120d0d8,0x0000000084300000)
 Metaspace       used 42700K, committed 43776K, reserved 1114112K
  class space    used 4597K, committed 5056K, reserved 1048576K
}
Event: 27.915 GC heap after
{Heap after GC invocations=20 (full 2):
 PSYoungGen      total 22528K, used 1536K [0x00000000d5580000, 0x00000000d7200000, 0x0000000100000000)
  eden space 20992K, 0% used [0x00000000d5580000,0x00000000d5580000,0x00000000d6a00000)
  from space 1536K, 100% used [0x00000000d6d80000,0x00000000d6f00000,0x00000000d6f00000)
  to   space 3584K, 0% used [0x00000000d6a00000,0x00000000d6a00000,0x00000000d6d80000)
 ParOldGen       total 68608K, used 19915K [0x0000000080000000, 0x0000000084300000, 0x00000000d5580000)
  object space 68608K, 29% used [0x0000000080000000,0x0000000081372c78,0x0000000084300000)
 Metaspace       used 42700K, committed 43776K, reserved 1114112K
  class space    used 4597K, committed 5056K, reserved 1048576K
}
Event: 28.266 GC heap before
{Heap before GC invocations=21 (full 2):
 PSYoungGen      total 22528K, used 22528K [0x00000000d5580000, 0x00000000d7200000, 0x0000000100000000)
  eden space 20992K, 100% used [0x00000000d5580000,0x00000000d6a00000,0x00000000d6a00000)
  from space 1536K, 100% used [0x00000000d6d80000,0x00000000d6f00000,0x00000000d6f00000)
  to   space 3584K, 0% used [0x00000000d6a00000,0x00000000d6a00000,0x00000000d6d80000)
 ParOldGen       total 68608K, used 19915K [0x0000000080000000, 0x0000000084300000, 0x00000000d5580000)
  object space 68608K, 29% used [0x0000000080000000,0x0000000081372c78,0x0000000084300000)
 Metaspace       used 45468K, committed 46528K, reserved 1114112K
  class space    used 4956K, committed 5440K, reserved 1048576K
}
Event: 28.269 GC heap after
{Heap after GC invocations=21 (full 2):
 PSYoungGen      total 23040K, used 1657K [0x00000000d5580000, 0x00000000d6f00000, 0x0000000100000000)
  eden space 20992K, 0% used [0x00000000d5580000,0x00000000d5580000,0x00000000d6a00000)
  from space 2048K, 80% used [0x00000000d6a00000,0x00000000d6b9e470,0x00000000d6c00000)
  to   space 2560K, 0% used [0x00000000d6c80000,0x00000000d6c80000,0x00000000d6f00000)
 ParOldGen       total 68608K, used 21467K [0x0000000080000000, 0x0000000084300000, 0x00000000d5580000)
  object space 68608K, 31% used [0x0000000080000000,0x00000000814f6ca8,0x0000000084300000)
 Metaspace       used 45468K, committed 46528K, reserved 1114112K
  class space    used 4956K, committed 5440K, reserved 1048576K
}
Event: 28.635 GC heap before
{Heap before GC invocations=22 (full 2):
 PSYoungGen      total 23040K, used 22610K [0x00000000d5580000, 0x00000000d6f00000, 0x0000000100000000)
  eden space 20992K, 99% used [0x00000000d5580000,0x00000000d69f66d8,0x00000000d6a00000)
  from space 2048K, 80% used [0x00000000d6a00000,0x00000000d6b9e470,0x00000000d6c00000)
  to   space 2560K, 0% used [0x00000000d6c80000,0x00000000d6c80000,0x00000000d6f00000)
 ParOldGen       total 68608K, used 21467K [0x0000000080000000, 0x0000000084300000, 0x00000000d5580000)
  object space 68608K, 31% used [0x0000000080000000,0x00000000814f6ca8,0x0000000084300000)
 Metaspace       used 48522K, committed 49664K, reserved 1114112K
  class space    used 5341K, committed 5888K, reserved 1048576K
}
Event: 28.640 GC heap after
{Heap after GC invocations=22 (full 2):
 PSYoungGen      total 22528K, used 1104K [0x00000000d5580000, 0x00000000d6e00000, 0x0000000100000000)
  eden space 20992K, 0% used [0x00000000d5580000,0x00000000d5580000,0x00000000d6a00000)
  from space 1536K, 71% used [0x00000000d6c80000,0x00000000d6d94040,0x00000000d6e00000)
  to   space 1536K, 0% used [0x00000000d6b00000,0x00000000d6b00000,0x00000000d6c80000)
 ParOldGen       total 68608K, used 22923K [0x0000000080000000, 0x0000000084300000, 0x00000000d5580000)
  object space 68608K, 33% used [0x0000000080000000,0x0000000081662eb0,0x0000000084300000)
 Metaspace       used 48522K, committed 49664K, reserved 1114112K
  class space    used 5341K, committed 5888K, reserved 1048576K
}
Event: 32.199 GC heap before
{Heap before GC invocations=23 (full 2):
 PSYoungGen      total 22528K, used 22096K [0x00000000d5580000, 0x00000000d6e00000, 0x0000000100000000)
  eden space 20992K, 100% used [0x00000000d5580000,0x00000000d6a00000,0x00000000d6a00000)
  from space 1536K, 71% used [0x00000000d6c80000,0x00000000d6d94040,0x00000000d6e00000)
  to   space 1536K, 0% used [0x00000000d6b00000,0x00000000d6b00000,0x00000000d6c80000)
 ParOldGen       total 68608K, used 22923K [0x0000000080000000, 0x0000000084300000, 0x00000000d5580000)
  object space 68608K, 33% used [0x0000000080000000,0x0000000081662eb0,0x0000000084300000)
 Metaspace       used 49628K, committed 50752K, reserved 1114112K
  class space    used 5460K, committed 5952K, reserved 1048576K
}
Event: 32.203 GC heap after
{Heap after GC invocations=23 (full 2):
 PSYoungGen      total 22528K, used 1507K [0x00000000d5580000, 0x00000000d7200000, 0x0000000100000000)
  eden space 20992K, 0% used [0x00000000d5580000,0x00000000d5580000,0x00000000d6a00000)
  from space 1536K, 98% used [0x00000000d6b00000,0x00000000d6c78c90,0x00000000d6c80000)
  to   space 4096K, 0% used [0x00000000d6e00000,0x00000000d6e00000,0x00000000d7200000)
 ParOldGen       total 68608K, used 24957K [0x0000000080000000, 0x0000000084300000, 0x00000000d5580000)
  object space 68608K, 36% used [0x0000000080000000,0x000000008185f4d0,0x0000000084300000)
 Metaspace       used 49628K, committed 50752K, reserved 1114112K
  class space    used 5460K, committed 5952K, reserved 1048576K
}
Event: 32.797 GC heap before
{Heap before GC invocations=24 (full 2):
 PSYoungGen      total 22528K, used 22499K [0x00000000d5580000, 0x00000000d7200000, 0x0000000100000000)
  eden space 20992K, 100% used [0x00000000d5580000,0x00000000d6a00000,0x00000000d6a00000)
  from space 1536K, 98% used [0x00000000d6b00000,0x00000000d6c78c90,0x00000000d6c80000)
  to   space 4096K, 0% used [0x00000000d6e00000,0x00000000d6e00000,0x00000000d7200000)
 ParOldGen       total 68608K, used 24957K [0x0000000080000000, 0x0000000084300000, 0x00000000d5580000)
  object space 68608K, 36% used [0x0000000080000000,0x000000008185f4d0,0x0000000084300000)
 Metaspace       used 49786K, committed 50816K, reserved 1114112K
  class space    used 5478K, committed 5952K, reserved 1048576K
}
Event: 32.802 GC heap after
{Heap after GC invocations=24 (full 2):
 PSYoungGen      total 21504K, used 4086K [0x00000000d5580000, 0x00000000d7900000, 0x0000000100000000)
  eden space 17408K, 0% used [0x00000000d5580000,0x00000000d5580000,0x00000000d6680000)
  from space 4096K, 99% used [0x00000000d6e00000,0x00000000d71fdb78,0x00000000d7200000)
  to   space 7680K, 0% used [0x00000000d6680000,0x00000000d6680000,0x00000000d6e00000)
 ParOldGen       total 68608K, used 27855K [0x0000000080000000, 0x0000000084300000, 0x00000000d5580000)
  object space 68608K, 40% used [0x0000000080000000,0x0000000081b33c80,0x0000000084300000)
 Metaspace       used 49786K, committed 50816K, reserved 1114112K
  class space    used 5478K, committed 5952K, reserved 1048576K
}
Event: 32.878 GC heap before
{Heap before GC invocations=25 (full 2):
 PSYoungGen      total 21504K, used 21494K [0x00000000d5580000, 0x00000000d7900000, 0x0000000100000000)
  eden space 17408K, 100% used [0x00000000d5580000,0x00000000d6680000,0x00000000d6680000)
  from space 4096K, 99% used [0x00000000d6e00000,0x00000000d71fdb78,0x00000000d7200000)
  to   space 7680K, 0% used [0x00000000d6680000,0x00000000d6680000,0x00000000d6e00000)
 ParOldGen       total 68608K, used 27855K [0x0000000080000000, 0x0000000084300000, 0x00000000d5580000)
  object space 68608K, 40% used [0x0000000080000000,0x0000000081b33c80,0x0000000084300000)
 Metaspace       used 49815K, committed 50880K, reserved 1114112K
  class space    used 5478K, committed 5952K, reserved 1048576K
}
Event: 32.880 GC heap after
{Heap after GC invocations=25 (full 2):
 PSYoungGen      total 18944K, used 1248K [0x00000000d5580000, 0x00000000d6e80000, 0x0000000100000000)
  eden space 17408K, 0% used [0x00000000d5580000,0x00000000d5580000,0x00000000d6680000)
  from space 1536K, 81% used [0x00000000d6680000,0x00000000d67b8000,0x00000000d6800000)
  to   space 3584K, 0% used [0x00000000d6b00000,0x00000000d6b00000,0x00000000d6e80000)
 ParOldGen       total 68608K, used 28332K [0x0000000080000000, 0x0000000084300000, 0x00000000d5580000)
  object space 68608K, 41% used [0x0000000080000000,0x0000000081bab208,0x0000000084300000)
 Metaspace       used 49815K, committed 50880K, reserved 1114112K
  class space    used 5478K, committed 5952K, reserved 1048576K
}
Event: 32.914 GC heap before
{Heap before GC invocations=26 (full 2):
 PSYoungGen      total 18944K, used 18656K [0x00000000d5580000, 0x00000000d6e80000, 0x0000000100000000)
  eden space 17408K, 100% used [0x00000000d5580000,0x00000000d6680000,0x00000000d6680000)
  from space 1536K, 81% used [0x00000000d6680000,0x00000000d67b8000,0x00000000d6800000)
  to   space 3584K, 0% used [0x00000000d6b00000,0x00000000d6b00000,0x00000000d6e80000)
 ParOldGen       total 68608K, used 28332K [0x0000000080000000, 0x0000000084300000, 0x00000000d5580000)
  object space 68608K, 41% used [0x0000000080000000,0x0000000081bab208,0x0000000084300000)
 Metaspace       used 49828K, committed 50880K, reserved 1114112K
  class space    used 5478K, committed 5952K, reserved 1048576K
}
Event: 32.916 GC heap after
{Heap after GC invocations=26 (full 2):
 PSYoungGen      total 20992K, used 3568K [0x00000000d5580000, 0x00000000d6e80000, 0x0000000100000000)
  eden space 17408K, 0% used [0x00000000d5580000,0x00000000d5580000,0x00000000d6680000)
  from space 3584K, 99% used [0x00000000d6b00000,0x00000000d6e7c018,0x00000000d6e80000)
  to   space 4096K, 0% used [0x00000000d6680000,0x00000000d6680000,0x00000000d6a80000)
 ParOldGen       total 68608K, used 28468K [0x0000000080000000, 0x0000000084300000, 0x00000000d5580000)
  object space 68608K, 41% used [0x0000000080000000,0x0000000081bcd208,0x0000000084300000)
 Metaspace       used 49828K, committed 50880K, reserved 1114112K
  class space    used 5478K, committed 5952K, reserved 1048576K
}
Event: 33.501 GC heap before
{Heap before GC invocations=27 (full 2):
 PSYoungGen      total 20992K, used 20975K [0x00000000d5580000, 0x00000000d6e80000, 0x0000000100000000)
  eden space 17408K, 99% used [0x00000000d5580000,0x00000000d667ffa8,0x00000000d6680000)
  from space 3584K, 99% used [0x00000000d6b00000,0x00000000d6e7c018,0x00000000d6e80000)
  to   space 4096K, 0% used [0x00000000d6680000,0x00000000d6680000,0x00000000d6a80000)
 ParOldGen       total 68608K, used 28468K [0x0000000080000000, 0x0000000084300000, 0x00000000d5580000)
  object space 68608K, 41% used [0x0000000080000000,0x0000000081bcd208,0x0000000084300000)
 Metaspace       used 50733K, committed 51776K, reserved 1114112K
  class space    used 5568K, committed 6016K, reserved 1048576K
}
Event: 33.502 GC heap after
{Heap after GC invocations=27 (full 2):
 PSYoungGen      total 18432K, used 556K [0x00000000d5580000, 0x00000000d6b80000, 0x0000000100000000)
  eden space 17408K, 0% used [0x00000000d5580000,0x00000000d5580000,0x00000000d6680000)
  from space 1024K, 54% used [0x00000000d6680000,0x00000000d670b328,0x00000000d6780000)
  to   space 2048K, 0% used [0x00000000d6980000,0x00000000d6980000,0x00000000d6b80000)
 ParOldGen       total 68608K, used 28588K [0x0000000080000000, 0x0000000084300000, 0x00000000d5580000)
  object space 68608K, 41% used [0x0000000080000000,0x0000000081beb208,0x0000000084300000)
 Metaspace       used 50733K, committed 51776K, reserved 1114112K
  class space    used 5568K, committed 6016K, reserved 1048576K
}

